Testsuite: capstone_project.TestControllerTests
Tests run: 1, Failures: 1, Errors: 0, Time elapsed: 1.494 sec
------------- Standard Output ---------------
--Output from testSomething--
------------- ---------------- ---------------
------------- Standard Error -----------------
--Output from testSomething--
------------- ---------------- ---------------

Testcase: testSomething took 1.439 sec
	FAILED
java.lang.AssertionError: Implement me
junit.framework.AssertionFailedError: java.lang.AssertionError: Implement me
	at capstone_project.TestControllerTests.testSomething(TestControllerTests.groovy:15)

