Testsuite: capstone_project.EventTests
Tests run: 1, Failures: 1, Errors: 0, Time elapsed: 0.821 sec
------------- Standard Output ---------------
--Output from testSomething--
------------- ---------------- ---------------
------------- Standard Error -----------------
--Output from testSomething--
------------- ---------------- ---------------

Testcase: testSomething took 0.745 sec
	FAILED
java.lang.AssertionError: Implement me
junit.framework.AssertionFailedError: java.lang.AssertionError: Implement me
	at capstone_project.EventTests.testSomething(EventTests.groovy:15)

