<?xml version="1.0" encoding="UTF-8" ?>
<testsuite errors="0" failures="1" hostname="DOOMTOP" name="capstone_project.TestControllerTests" tests="1" time="1.494" timestamp="2012-02-08T22:31:06">
  <properties />
  <testcase classname="capstone_project.TestControllerTests" name="testSomething" time="1.439">
    <failure message="java.lang.AssertionError: Implement me" type="junit.framework.AssertionFailedError">junit.framework.AssertionFailedError: java.lang.AssertionError: Implement me
	at capstone_project.TestControllerTests.testSomething(TestControllerTests.groovy:15)
</failure>
  </testcase>
  <system-out><![CDATA[--Output from testSomething--
]]></system-out>
  <system-err><![CDATA[--Output from testSomething--
]]></system-err>
</testsuite>
