<?xml version="1.0" encoding="UTF-8" ?>
<testsuite errors="0" failures="1" hostname="DOOMTOP" name="capstone_project.Test_domainTests" tests="1" time="0.103" timestamp="2012-02-08T22:31:07">
  <properties />
  <testcase classname="capstone_project.Test_domainTests" name="testSomething" time="0.065">
    <failure message="java.lang.AssertionError: Implement me" type="junit.framework.AssertionFailedError">junit.framework.AssertionFailedError: java.lang.AssertionError: Implement me
	at capstone_project.Test_domainTests.testSomething(Test_domainTests.groovy:15)
</failure>
  </testcase>
  <system-out><![CDATA[--Output from testSomething--
]]></system-out>
  <system-err><![CDATA[--Output from testSomething--
]]></system-err>
</testsuite>
